<?xml version="1.0" encoding="UTF-8"?>
<!-- Generated by org.testng.reporters.JUnitXMLReporter -->
<testsuite hostname="Galinas-MacBook-Air.local" ignored="1" name="Default test" tests="5" failures="0" timestamp="02 Apr 2017 11:43:11 GMT" time="4.286" errors="0">
  <testcase name="checkProductDoesNotExists" time="2.251" classname="sqlrest.GetTest"/>
  <testcase name="checkProductDoesNotExists" time="0.122" classname="sqlrest.GetTest"/>
  <testcase name="checkProductDoesNotExists" time="0.118" classname="sqlrest.GetTest"/>
  <testcase name="checkProductDoesNotExists" time="0.109" classname="sqlrest.GetTest"/>
  <testcase name="checkProductList" time="0.907" classname="sqlrest.GetTest"/>
  <testcase name="checkProductExists" time="0.0" classname="sqlrest.GetTest">
    <ignored/>
  </testcase> <!-- checkProductExists -->
</testsuite> <!-- Default test -->
