<?xml version="1.0" encoding="UTF-8"?>
<!-- Generated by org.testng.reporters.JUnitXMLReporter -->
<testsuite hostname="Galinas-MacBook-Air.local" ignored="0" name="CGID creationDate CARS" tests="173" failures="0" timestamp="21 Feb 2017 19:09:41 GMT" time="1.146" errors="0">
  <testcase name="test" time="0.008" classname="lcs.CarsCgidDate"/>
  <testcase name="test" time="0.002" classname="lcs.CarsCgidDate"/>
  <testcase name="test" time="0.002" classname="lcs.CarsCgidDate"/>
  <testcase name="test" time="0.004" classname="lcs.CarsCgidDate"/>
  <testcase name="test" time="0.01" classname="lcs.CarsCgidDate"/>
  <testcase name="test" time="0.015" classname="lcs.CarsCgidDate"/>
  <testcase name="test" time="0.077" classname="lcs.CarsCgidDate"/>
  <testcase name="test" time="0.01" classname="lcs.CarsCgidDate"/>
  <testcase name="test" time="0.002" classname="lcs.CarsCgidDate"/>
  <testcase name="test" time="0.004" classname="lcs.CarsCgidDate"/>
  <testcase name="test" time="0.021" classname="lcs.CarsCgidDate"/>
  <testcase name="test" time="0.003" classname="lcs.CarsCgidDate"/>
  <testcase name="test" time="0.003" classname="lcs.CarsCgidDate"/>
  <testcase name="test" time="0.001" classname="lcs.CarsCgidDate"/>
  <testcase name="test" time="0.002" classname="lcs.CarsCgidDate"/>
  <testcase name="test" time="0.006" classname="lcs.CarsCgidDate"/>
  <testcase name="test" time="0.002" classname="lcs.CarsCgidDate"/>
  <testcase name="test" time="0.001" classname="lcs.CarsCgidDate"/>
  <testcase name="test" time="0.003" classname="lcs.CarsCgidDate"/>
  <testcase name="test" time="0.002" classname="lcs.CarsCgidDate"/>
  <testcase name="test" time="0.013" classname="lcs.CarsCgidDate"/>
  <testcase name="test" time="0.003" classname="lcs.CarsCgidDate"/>
  <testcase name="test" time="0.004" classname="lcs.CarsCgidDate"/>
  <testcase name="test" time="0.006" classname="lcs.CarsCgidDate"/>
  <testcase name="test" time="0.002" classname="lcs.CarsCgidDate"/>
  <testcase name="test" time="0.004" classname="lcs.CarsCgidDate"/>
  <testcase name="test" time="0.005" classname="lcs.CarsCgidDate"/>
  <testcase name="test" time="0.003" classname="lcs.CarsCgidDate"/>
  <testcase name="test" time="0.003" classname="lcs.CarsCgidDate"/>
  <testcase name="test" time="0.001" classname="lcs.CarsCgidDate"/>
  <testcase name="test" time="0.037" classname="lcs.CarsCgidDate"/>
  <testcase name="test" time="0.002" classname="lcs.CarsCgidDate"/>
  <testcase name="test" time="0.001" classname="lcs.CarsCgidDate"/>
  <testcase name="test" time="0.001" classname="lcs.CarsCgidDate"/>
  <testcase name="test" time="0.001" classname="lcs.CarsCgidDate"/>
  <testcase name="test" time="0.006" classname="lcs.CarsCgidDate"/>
  <testcase name="test" time="0.004" classname="lcs.CarsCgidDate"/>
  <testcase name="test" time="0.002" classname="lcs.CarsCgidDate"/>
  <testcase name="test" time="0.005" classname="lcs.CarsCgidDate"/>
  <testcase name="test" time="0.001" classname="lcs.CarsCgidDate"/>
  <testcase name="test" time="0.002" classname="lcs.CarsCgidDate"/>
  <testcase name="test" time="0.005" classname="lcs.CarsCgidDate"/>
  <testcase name="test" time="0.002" classname="lcs.CarsCgidDate"/>
  <testcase name="test" time="0.001" classname="lcs.CarsCgidDate"/>
  <testcase name="test" time="0.001" classname="lcs.CarsCgidDate"/>
  <testcase name="test" time="0.001" classname="lcs.CarsCgidDate"/>
  <testcase name="test" time="0.003" classname="lcs.CarsCgidDate"/>
  <testcase name="test" time="0.004" classname="lcs.CarsCgidDate"/>
  <testcase name="test" time="0.002" classname="lcs.CarsCgidDate"/>
  <testcase name="test" time="0.001" classname="lcs.CarsCgidDate"/>
  <testcase name="test" time="0.001" classname="lcs.CarsCgidDate"/>
  <testcase name="test" time="0.002" classname="lcs.CarsCgidDate"/>
  <testcase name="test" time="0.001" classname="lcs.CarsCgidDate"/>
  <testcase name="test" time="0.001" classname="lcs.CarsCgidDate"/>
  <testcase name="test" time="0.002" classname="lcs.CarsCgidDate"/>
  <testcase name="test" time="0.004" classname="lcs.CarsCgidDate"/>
  <testcase name="test" time="0.001" classname="lcs.CarsCgidDate"/>
  <testcase name="test" time="0.001" classname="lcs.CarsCgidDate"/>
  <testcase name="test" time="0.001" classname="lcs.CarsCgidDate"/>
  <testcase name="test" time="0.004" classname="lcs.CarsCgidDate"/>
  <testcase name="test" time="0.001" classname="lcs.CarsCgidDate"/>
  <testcase name="test" time="0.001" classname="lcs.CarsCgidDate"/>
  <testcase name="test" time="0.001" classname="lcs.CarsCgidDate"/>
  <testcase name="test" time="0.001" classname="lcs.CarsCgidDate"/>
  <testcase name="test" time="0.001" classname="lcs.CarsCgidDate"/>
  <testcase name="test" time="0.001" classname="lcs.CarsCgidDate"/>
  <testcase name="test" time="0.001" classname="lcs.CarsCgidDate"/>
  <testcase name="test" time="0.001" classname="lcs.CarsCgidDate"/>
  <testcase name="test" time="0.003" classname="lcs.CarsCgidDate"/>
  <testcase name="test" time="0.001" classname="lcs.CarsCgidDate"/>
  <testcase name="test" time="0.001" classname="lcs.CarsCgidDate"/>
  <testcase name="test" time="0.002" classname="lcs.CarsCgidDate"/>
  <testcase name="test" time="0.001" classname="lcs.CarsCgidDate"/>
  <testcase name="test" time="0.001" classname="lcs.CarsCgidDate"/>
  <testcase name="test" time="0.007" classname="lcs.CarsCgidDate"/>
  <testcase name="test" time="0.001" classname="lcs.CarsCgidDate"/>
  <testcase name="test" time="0.002" classname="lcs.CarsCgidDate"/>
  <testcase name="test" time="0.0" classname="lcs.CarsCgidDate"/>
  <testcase name="test" time="0.001" classname="lcs.CarsCgidDate"/>
  <testcase name="test" time="0.0" classname="lcs.CarsCgidDate"/>
  <testcase name="test" time="0.001" classname="lcs.CarsCgidDate"/>
  <testcase name="test" time="0.0" classname="lcs.CarsCgidDate"/>
  <testcase name="test" time="0.0" classname="lcs.CarsCgidDate"/>
  <testcase name="test" time="0.002" classname="lcs.CarsCgidDate"/>
  <testcase name="test" time="0.001" classname="lcs.CarsCgidDate"/>
  <testcase name="test" time="0.002" classname="lcs.CarsCgidDate"/>
  <testcase name="test" time="0.001" classname="lcs.CarsCgidDate"/>
  <testcase name="test" time="0.003" classname="lcs.CarsCgidDate"/>
  <testcase name="test" time="0.0" classname="lcs.CarsCgidDate"/>
  <testcase name="test" time="0.001" classname="lcs.CarsCgidDate"/>
  <testcase name="test" time="0.0" classname="lcs.CarsCgidDate"/>
  <testcase name="test" time="0.002" classname="lcs.CarsCgidDate"/>
  <testcase name="test" time="0.0" classname="lcs.CarsCgidDate"/>
  <testcase name="test" time="0.001" classname="lcs.CarsCgidDate"/>
  <testcase name="test" time="0.001" classname="lcs.CarsCgidDate"/>
  <testcase name="test" time="0.0" classname="lcs.CarsCgidDate"/>
  <testcase name="test" time="0.001" classname="lcs.CarsCgidDate"/>
  <testcase name="test" time="0.0" classname="lcs.CarsCgidDate"/>
  <testcase name="test" time="0.001" classname="lcs.CarsCgidDate"/>
  <testcase name="test" time="0.002" classname="lcs.CarsCgidDate"/>
  <testcase name="test" time="0.001" classname="lcs.CarsCgidDate"/>
  <testcase name="test" time="0.001" classname="lcs.CarsCgidDate"/>
  <testcase name="test" time="0.001" classname="lcs.CarsCgidDate"/>
  <testcase name="test" time="0.001" classname="lcs.CarsCgidDate"/>
  <testcase name="test" time="0.0" classname="lcs.CarsCgidDate"/>
  <testcase name="test" time="0.002" classname="lcs.CarsCgidDate"/>
  <testcase name="test" time="0.001" classname="lcs.CarsCgidDate"/>
  <testcase name="test" time="0.001" classname="lcs.CarsCgidDate"/>
  <testcase name="test" time="0.001" classname="lcs.CarsCgidDate"/>
  <testcase name="test" time="0.001" classname="lcs.CarsCgidDate"/>
  <testcase name="test" time="0.001" classname="lcs.CarsCgidDate"/>
  <testcase name="test" time="0.0" classname="lcs.CarsCgidDate"/>
  <testcase name="test" time="0.001" classname="lcs.CarsCgidDate"/>
  <testcase name="test" time="0.001" classname="lcs.CarsCgidDate"/>
  <testcase name="test" time="0.001" classname="lcs.CarsCgidDate"/>
  <testcase name="test" time="0.0" classname="lcs.CarsCgidDate"/>
  <testcase name="test" time="0.0" classname="lcs.CarsCgidDate"/>
  <testcase name="test" time="0.001" classname="lcs.CarsCgidDate"/>
  <testcase name="test" time="0.0" classname="lcs.CarsCgidDate"/>
  <testcase name="test" time="0.001" classname="lcs.CarsCgidDate"/>
  <testcase name="test" time="0.0" classname="lcs.CarsCgidDate"/>
  <testcase name="test" time="0.001" classname="lcs.CarsCgidDate"/>
  <testcase name="test" time="0.001" classname="lcs.CarsCgidDate"/>
  <testcase name="test" time="0.001" classname="lcs.CarsCgidDate"/>
  <testcase name="test" time="0.0" classname="lcs.CarsCgidDate"/>
  <testcase name="test" time="0.001" classname="lcs.CarsCgidDate"/>
  <testcase name="test" time="0.001" classname="lcs.CarsCgidDate"/>
  <testcase name="test" time="0.001" classname="lcs.CarsCgidDate"/>
  <testcase name="test" time="0.0" classname="lcs.CarsCgidDate"/>
  <testcase name="test" time="0.001" classname="lcs.CarsCgidDate"/>
  <testcase name="test" time="0.0" classname="lcs.CarsCgidDate"/>
  <testcase name="test" time="0.002" classname="lcs.CarsCgidDate"/>
  <testcase name="test" time="0.001" classname="lcs.CarsCgidDate"/>
  <testcase name="test" time="0.001" classname="lcs.CarsCgidDate"/>
  <testcase name="test" time="0.0" classname="lcs.CarsCgidDate"/>
  <testcase name="test" time="0.0" classname="lcs.CarsCgidDate"/>
  <testcase name="test" time="0.0" classname="lcs.CarsCgidDate"/>
  <testcase name="test" time="0.001" classname="lcs.CarsCgidDate"/>
  <testcase name="test" time="0.001" classname="lcs.CarsCgidDate"/>
  <testcase name="test" time="0.001" classname="lcs.CarsCgidDate"/>
  <testcase name="test" time="0.001" classname="lcs.CarsCgidDate"/>
  <testcase name="test" time="0.001" classname="lcs.CarsCgidDate"/>
  <testcase name="test" time="0.001" classname="lcs.CarsCgidDate"/>
  <testcase name="test" time="0.001" classname="lcs.CarsCgidDate"/>
  <testcase name="test" time="0.0" classname="lcs.CarsCgidDate"/>
  <testcase name="test" time="0.0" classname="lcs.CarsCgidDate"/>
  <testcase name="test" time="0.0" classname="lcs.CarsCgidDate"/>
  <testcase name="test" time="0.001" classname="lcs.CarsCgidDate"/>
  <testcase name="test" time="0.001" classname="lcs.CarsCgidDate"/>
  <testcase name="test" time="0.001" classname="lcs.CarsCgidDate"/>
  <testcase name="test" time="0.001" classname="lcs.CarsCgidDate"/>
  <testcase name="test" time="0.0" classname="lcs.CarsCgidDate"/>
  <testcase name="test" time="0.0" classname="lcs.CarsCgidDate"/>
  <testcase name="test" time="0.001" classname="lcs.CarsCgidDate"/>
  <testcase name="test" time="0.001" classname="lcs.CarsCgidDate"/>
  <testcase name="test" time="0.001" classname="lcs.CarsCgidDate"/>
  <testcase name="test" time="0.0" classname="lcs.CarsCgidDate"/>
  <testcase name="test" time="0.001" classname="lcs.CarsCgidDate"/>
  <testcase name="test" time="0.002" classname="lcs.CarsCgidDate"/>
  <testcase name="test" time="0.001" classname="lcs.CarsCgidDate"/>
  <testcase name="test" time="0.0" classname="lcs.CarsCgidDate"/>
  <testcase name="test" time="0.001" classname="lcs.CarsCgidDate"/>
  <testcase name="test" time="0.001" classname="lcs.CarsCgidDate"/>
  <testcase name="test" time="0.001" classname="lcs.CarsCgidDate"/>
  <testcase name="test" time="0.001" classname="lcs.CarsCgidDate"/>
  <testcase name="test" time="0.001" classname="lcs.CarsCgidDate"/>
  <testcase name="test" time="0.001" classname="lcs.CarsCgidDate"/>
  <testcase name="test" time="0.001" classname="lcs.CarsCgidDate"/>
  <testcase name="test" time="0.0" classname="lcs.CarsCgidDate"/>
  <testcase name="test" time="0.001" classname="lcs.CarsCgidDate"/>
  <testcase name="test" time="0.0" classname="lcs.CarsCgidDate"/>
  <testcase name="test" time="0.0" classname="lcs.CarsCgidDate"/>
  <testcase name="test" time="0.001" classname="lcs.CarsCgidDate"/>
</testsuite> <!-- CGID creationDate CARS -->
