<?xml version="1.0" encoding="UTF-8"?>
<!-- Generated by org.testng.reporters.JUnitXMLReporter -->
<testsuite hostname="Galinas-MacBook-Air.local" ignored="0" name="DELETE test" tests="4" failures="0" timestamp="02 Apr 2017 10:15:21 GMT" time="1.269" errors="0">
  <testcase name="deleteProduct" time="0.908" classname="sqlrest.DeleteTest"/>
  <testcase name="deleteProduct" time="0.105" classname="sqlrest.DeleteTest"/>
  <testcase name="deleteProduct" time="0.142" classname="sqlrest.DeleteTest"/>
  <testcase name="deleteProduct" time="0.1" classname="sqlrest.DeleteTest"/>
</testsuite> <!-- DELETE test -->
