<?xml version="1.0" encoding="UTF-8"?>
<!-- Generated by org.testng.reporters.JUnitXMLReporter -->
<testsuite hostname="Galinas-MacBook-Air.local" ignored="2" name="GET test" tests="4" failures="0" timestamp="02 Apr 2017 10:15:27 GMT" time="0.868" errors="0">
  <testcase name="checkProductNotExists" time="0.532" classname="sqlrest.GetTest"/>
  <testcase name="checkProductNotExists" time="0.089" classname="sqlrest.GetTest"/>
  <testcase name="checkProductNotExists" time="0.082" classname="sqlrest.GetTest"/>
  <testcase name="checkProductNotExists" time="0.151" classname="sqlrest.GetTest"/>
  <testcase name="checkProductList" time="0.0" classname="sqlrest.GetTest">
    <ignored/>
  </testcase> <!-- checkProductList -->
  <testcase name="checkProductExists" time="0.0" classname="sqlrest.GetTest">
    <ignored/>
  </testcase> <!-- checkProductExists -->
</testsuite> <!-- GET test -->
