<?xml version="1.0" encoding="UTF-8"?>
<!-- Generated by org.testng.reporters.JUnitXMLReporter -->
<testsuite hostname="Galinas-MacBook-Air.local" ignored="0" name="POST creation test" tests="8" failures="0" timestamp="02 Apr 2017 10:15:15 GMT" time="4.405" errors="0">
  <testcase name="createProduct" time="3.074" classname="sqlrest.PostTest"/>
  <testcase name="createProduct" time="0.112" classname="sqlrest.PostTest"/>
  <testcase name="createProduct" time="0.093" classname="sqlrest.PostTest"/>
  <testcase name="createProduct" time="0.098" classname="sqlrest.PostTest"/>
  <testcase name="updateProductPrice" time="0.041" classname="sqlrest.PostTest"/>
  <testcase name="updateProductPrice" time="0.043" classname="sqlrest.PostTest"/>
  <testcase name="updateProductPrice" time="0.06" classname="sqlrest.PostTest"/>
  <testcase name="updateProductPrice" time="0.078" classname="sqlrest.PostTest"/>
</testsuite> <!-- POST creation test -->
