<?xml version="1.0" encoding="UTF-8"?>
<!-- Generated by org.testng.reporters.JUnitXMLReporter -->
<testsuite hostname="Galinas-MacBook-Air.local" ignored="1" name="POST updating test" tests="4" failures="0" timestamp="02 Apr 2017 09:49:41 GMT" time="0.304" errors="0">
  <testcase name="updateProductPrice" time="0.082" classname="sqlrest.PostTest"/>
  <testcase name="updateProductPrice" time="0.076" classname="sqlrest.PostTest"/>
  <testcase name="updateProductPrice" time="0.056" classname="sqlrest.PostTest"/>
  <testcase name="updateProductPrice" time="0.08" classname="sqlrest.PostTest"/>
  <testcase name="createProduct" time="0.0" classname="sqlrest.PostTest">
    <ignored/>
  </testcase> <!-- createProduct -->
</testsuite> <!-- POST updating test -->
