<?xml version="1.0" encoding="UTF-8"?>
<!-- Generated by org.testng.reporters.JUnitXMLReporter -->
<testsuite hostname="Galinas-MacBook-Air.local" ignored="0" name="PUT creation test" tests="4" failures="0" timestamp="02 Apr 2017 09:49:36 GMT" time="2.605" errors="0">
  <testcase name="createProductWithPUT" time="1.865" classname="sqlrest.PutTest"/>
  <testcase name="createProductWithPUT" time="0.111" classname="sqlrest.PutTest"/>
  <testcase name="createProductWithPUT" time="0.083" classname="sqlrest.PutTest"/>
  <testcase name="createProductWithPUT" time="0.084" classname="sqlrest.PutTest"/>
</testsuite> <!-- PUT creation test -->
