<?xml version="1.0" encoding="UTF-8"?>
<testng-results skipped="0" failed="0" ignored="1" total="6" passed="5">
  <reporter-output>
  </reporter-output>
  <suite name="Default suite" duration-ms="4286" started-at="2017-04-02T11:43:01Z" finished-at="2017-04-02T11:43:06Z">
    <groups>
    </groups>
    <test name="Default test" duration-ms="4286" started-at="2017-04-02T11:43:01Z" finished-at="2017-04-02T11:43:06Z">
      <class name="sqlrest.GetTest">
        <test-method status="PASS" signature="before()[pri:0, instance:sqlrest.GetTest@343f4d3d]" name="before" is-config="true" duration-ms="700" started-at="2017-04-02T04:43:01Z" finished-at="2017-04-02T04:43:02Z">
          <reporter-output>
          </reporter-output>
        </test-method> <!-- before -->
        <test-method status="PASS" signature="checkProductDoesNotExists(java.lang.String, java.lang.String, java.lang.String, java.lang.String)[pri:0, instance:sqlrest.GetTest@343f4d3d]" name="checkProductDoesNotExists" duration-ms="2251" started-at="2017-04-02T04:43:02Z" data-provider="dp" finished-at="2017-04-02T04:43:04Z">
          <params>
            <param index="0">
              <value>
                <![CDATA[50]]>
              </value>
            </param>
            <param index="1">
              <value>
                <![CDATA[Russian doll]]>
              </value>
            </param>
            <param index="2">
              <value>
                <![CDATA[10.50]]>
              </value>
            </param>
            <param index="3">
              <value>
                <![CDATA[10.20]]>
              </value>
            </param>
          </params>
          <reporter-output>
          </reporter-output>
        </test-method> <!-- checkProductDoesNotExists -->
        <test-method status="PASS" signature="checkProductDoesNotExists(java.lang.String, java.lang.String, java.lang.String, java.lang.String)[pri:0, instance:sqlrest.GetTest@343f4d3d]" name="checkProductDoesNotExists" duration-ms="122" started-at="2017-04-02T04:43:04Z" data-provider="dp" finished-at="2017-04-02T04:43:05Z">
          <params>
            <param index="0">
              <value>
                <![CDATA[51]]>
              </value>
            </param>
            <param index="1">
              <value>
                <![CDATA[Coffee mug]]>
              </value>
            </param>
            <param index="2">
              <value>
                <![CDATA[4.00]]>
              </value>
            </param>
            <param index="3">
              <value>
                <![CDATA[5.45]]>
              </value>
            </param>
          </params>
          <reporter-output>
          </reporter-output>
        </test-method> <!-- checkProductDoesNotExists -->
        <test-method status="PASS" signature="before()[pri:0, instance:sqlrest.GetTest@343f4d3d]" name="before" is-config="true" duration-ms="0" started-at="2017-04-02T04:43:04Z" finished-at="2017-04-02T04:43:04Z">
          <reporter-output>
          </reporter-output>
        </test-method> <!-- before -->
        <test-method status="PASS" signature="before()[pri:0, instance:sqlrest.GetTest@343f4d3d]" name="before" is-config="true" duration-ms="0" started-at="2017-04-02T04:43:05Z" finished-at="2017-04-02T04:43:05Z">
          <reporter-output>
          </reporter-output>
        </test-method> <!-- before -->
        <test-method status="PASS" signature="checkProductDoesNotExists(java.lang.String, java.lang.String, java.lang.String, java.lang.String)[pri:0, instance:sqlrest.GetTest@343f4d3d]" name="checkProductDoesNotExists" duration-ms="118" started-at="2017-04-02T04:43:05Z" data-provider="dp" finished-at="2017-04-02T04:43:05Z">
          <params>
            <param index="0">
              <value>
                <![CDATA[52]]>
              </value>
            </param>
            <param index="1">
              <value>
                <![CDATA[Book]]>
              </value>
            </param>
            <param index="2">
              <value>
                <![CDATA[6.99]]>
              </value>
            </param>
            <param index="3">
              <value>
                <![CDATA[7.05]]>
              </value>
            </param>
          </params>
          <reporter-output>
          </reporter-output>
        </test-method> <!-- checkProductDoesNotExists -->
        <test-method status="PASS" signature="before()[pri:0, instance:sqlrest.GetTest@343f4d3d]" name="before" is-config="true" duration-ms="1" started-at="2017-04-02T04:43:05Z" finished-at="2017-04-02T04:43:05Z">
          <reporter-output>
          </reporter-output>
        </test-method> <!-- before -->
        <test-method status="PASS" signature="checkProductDoesNotExists(java.lang.String, java.lang.String, java.lang.String, java.lang.String)[pri:0, instance:sqlrest.GetTest@343f4d3d]" name="checkProductDoesNotExists" duration-ms="109" started-at="2017-04-02T04:43:05Z" data-provider="dp" finished-at="2017-04-02T04:43:05Z">
          <params>
            <param index="0">
              <value>
                <![CDATA[53]]>
              </value>
            </param>
            <param index="1">
              <value>
                <![CDATA[Blanket]]>
              </value>
            </param>
            <param index="2">
              <value>
                <![CDATA[34.50]]>
              </value>
            </param>
            <param index="3">
              <value>
                <![CDATA[33.99]]>
              </value>
            </param>
          </params>
          <reporter-output>
          </reporter-output>
        </test-method> <!-- checkProductDoesNotExists -->
        <test-method status="PASS" signature="checkProductList()[pri:0, instance:sqlrest.GetTest@343f4d3d]" name="checkProductList" duration-ms="907" started-at="2017-04-02T04:43:05Z" finished-at="2017-04-02T04:43:06Z">
          <reporter-output>
          </reporter-output>
        </test-method> <!-- checkProductList -->
        <test-method status="PASS" signature="before()[pri:0, instance:sqlrest.GetTest@343f4d3d]" name="before" is-config="true" duration-ms="0" started-at="2017-04-02T04:43:05Z" finished-at="2017-04-02T04:43:05Z">
          <reporter-output>
          </reporter-output>
        </test-method> <!-- before -->
      </class> <!-- sqlrest.GetTest -->
    </test> <!-- Default test -->
  </suite> <!-- Default suite -->
</testng-results>
